{
  "stats": {
    "suites": 1,
    "tests": 1,
    "passes": 1,
    "pending": 0,
    "failures": 0,
    "start": "2026-03-04T07:11:12.808Z",
    "end": "2026-03-04T07:11:40.922Z",
    "duration": 28114,
    "testsRegistered": 1,
    "passPercent": 100,
    "pendingPercent": 0,
    "other": 0,
    "hasOther": false,
    "skipped": 0,
    "hasSkipped": false
  },
  "results": [
    {
      "uuid": "90770628-d09d-412a-8827-75e939deb898",
      "title": "",
      "fullFile": "cypress\\integration\\examples\\Test5.js",
      "file": "cypress\\integration\\examples\\Test5.js",
      "beforeHooks": [],
      "afterHooks": [],
      "tests": [],
      "suites": [
        {
          "uuid": "7f35c490-6432-4619-8598-8dcf2e74415e",
          "title": "Fourth Test Suite",
          "fullFile": "",
          "file": "",
          "beforeHooks": [],
          "afterHooks": [],
          "tests": [
            {
              "title": "Handling child windows in cypress",
              "fullTitle": "Fourth Test Suite Handling child windows in cypress",
              "timedOut": null,
              "duration": 24952,
              "state": "passed",
              "speed": "slow",
              "pass": true,
              "fail": false,
              "pending": false,
              "context": null,
              "code": "// cy.visit('https://rahulshettyacademy.com/AutomationPractice/') \ncy.visit(Cypress.env('url') + \"/AutomationPractice/\");\n// Removing target attribute using invoke and click\ncy.get('#opentab').invoke('removeAttr', 'target').click();\n// Handling the cross origin issues and how to solve it using cy.origin() method\ncy.origin('https://www.qaclickacademy.com', () => {\n  cy.get('#navbarSupportedContent a[href =\"about.html\"]').click();\n  cy.get('.section-title h2').should('contain', 'Welcome to QAClick Academy ');\n  cy.go('back');\n});",
              "err": {},
              "uuid": "e54a1292-4f7d-461e-af9d-2c2708d29249",
              "parentUUID": "7f35c490-6432-4619-8598-8dcf2e74415e",
              "isHook": false,
              "skipped": false
            }
          ],
          "suites": [],
          "passes": [
            "e54a1292-4f7d-461e-af9d-2c2708d29249"
          ],
          "failures": [],
          "pending": [],
          "skipped": [],
          "duration": 24952,
          "root": false,
          "rootEmpty": false,
          "_timeout": 2000
        }
      ],
      "passes": [],
      "failures": [],
      "pending": [],
      "skipped": [],
      "duration": 0,
      "root": true,
      "rootEmpty": true,
      "_timeout": 2000
    }
  ],
  "meta": {
    "mocha": {
      "version": "7.2.0"
    },
    "mochawesome": {
      "options": {
        "quiet": false,
        "reportFilename": "mochawesome",
        "saveHtml": false,
        "saveJson": true,
        "consoleReporter": "spec",
        "useInlineDiffs": false,
        "code": true
      },
      "version": "7.1.4"
    },
    "marge": {
      "options": {
        "overwrite": false,
        "html": false,
        "json": true,
        "reportDir": "cypress\\reports\\html\\.jsons"
      },
      "version": "6.3.2"
    }
  }
}