{
  "stats": {
    "suites": 1,
    "tests": 1,
    "passes": 1,
    "pending": 0,
    "failures": 0,
    "start": "2026-03-04T07:09:53.677Z",
    "end": "2026-03-04T07:10:05.613Z",
    "duration": 11936,
    "testsRegistered": 1,
    "passPercent": 100,
    "pendingPercent": 0,
    "other": 0,
    "hasOther": false,
    "skipped": 0,
    "hasSkipped": false
  },
  "results": [
    {
      "uuid": "0fbdf5fc-2586-4b93-911c-01a51fc8504f",
      "title": "",
      "fullFile": "cypress\\integration\\examples\\Test1.js",
      "file": "cypress\\integration\\examples\\Test1.js",
      "beforeHooks": [],
      "afterHooks": [],
      "tests": [],
      "suites": [
        {
          "uuid": "f345bce6-d3d2-4637-bf28-378242e22b3c",
          "title": "First Test Suite",
          "fullFile": "",
          "file": "",
          "beforeHooks": [],
          "afterHooks": [],
          "tests": [
            {
              "title": "My First Test Case",
              "fullTitle": "First Test Suite My First Test Case",
              "timedOut": null,
              "duration": 8604,
              "state": "passed",
              "speed": "medium",
              "pass": true,
              "fail": false,
              "pending": false,
              "context": null,
              "code": "// cy.visit('https://rahulshettyacademy.com/seleniumPractise/#/')\ncy.visit(Cypress.env('url') + \"/seleniumPractise/#/\");\ncy.get('.search-keyword').type('ca');\ncy.wait(2000);\ncy.get('.product:visible').should('have.length', 4);\n//Parent child chaining\n//Aliasing \ncy.get('.products').as('productLocator');\ncy.get('@productLocator').find('.product').should('have.length', 4);\n// Second element selection and adding to cart \ncy.get('@productLocator').find('.product').eq(1).contains('ADD TO CART').click().then(function () {\n  console.log(\"Second element added to cart!\");\n});\n// Perform the actiuon based on the text \ncy.get('@productLocator').find('.product').each(($el, index, $list) => {\n  const requireText = $el.find('h4.product-name').text();\n  if (requireText.includes('Cashews')) {\n    //   cy.wrap($el).find('button').click();\n    //Two methods to do same thing but contains is more powerful if that product has more buttons than the add to cart button \n    cy.wrap($el).contains('ADD TO CART').click();\n    //Let's test the assertion \n    cy.get('.brand').should('have.text', 'GREENKART');\n    //Let's get the logo and perform some assertion\n    cy.get('.brand').then(function (logofelement) {\n      cy.log(logofelement.text());\n    });\n    //const logo=cy.get('.brand')\n    //cy.log(cy.get('.brand').text())\n    // cy.log(logo.text())\n  }\n});",
              "err": {},
              "uuid": "bca601b3-237b-408b-9a2d-18399320de3f",
              "parentUUID": "f345bce6-d3d2-4637-bf28-378242e22b3c",
              "isHook": false,
              "skipped": false
            }
          ],
          "suites": [],
          "passes": [
            "bca601b3-237b-408b-9a2d-18399320de3f"
          ],
          "failures": [],
          "pending": [],
          "skipped": [],
          "duration": 8604,
          "root": false,
          "rootEmpty": false,
          "_timeout": 2000
        }
      ],
      "passes": [],
      "failures": [],
      "pending": [],
      "skipped": [],
      "duration": 0,
      "root": true,
      "rootEmpty": true,
      "_timeout": 2000
    }
  ],
  "meta": {
    "mocha": {
      "version": "7.2.0"
    },
    "mochawesome": {
      "options": {
        "quiet": false,
        "reportFilename": "mochawesome",
        "saveHtml": false,
        "saveJson": true,
        "consoleReporter": "spec",
        "useInlineDiffs": false,
        "code": true
      },
      "version": "7.1.4"
    },
    "marge": {
      "options": {
        "overwrite": false,
        "html": false,
        "json": true,
        "reportDir": "cypress\\reports\\html\\.jsons"
      },
      "version": "6.3.2"
    }
  }
}