{
  "stats": {
    "suites": 1,
    "tests": 1,
    "passes": 1,
    "pending": 0,
    "failures": 0,
    "start": "2026-03-04T07:11:00.418Z",
    "end": "2026-03-04T07:11:09.400Z",
    "duration": 8982,
    "testsRegistered": 1,
    "passPercent": 100,
    "pendingPercent": 0,
    "other": 0,
    "hasOther": false,
    "skipped": 0,
    "hasSkipped": false
  },
  "results": [
    {
      "uuid": "ccad36f1-5876-4d6a-9312-455785fbca0a",
      "title": "",
      "fullFile": "cypress\\integration\\examples\\Test4.js",
      "file": "cypress\\integration\\examples\\Test4.js",
      "beforeHooks": [],
      "afterHooks": [],
      "tests": [],
      "suites": [
        {
          "uuid": "f4e18b42-a5de-436c-9706-dee0da3b19ce",
          "title": "Fourth Test Suite",
          "fullFile": "",
          "file": "",
          "beforeHooks": [],
          "afterHooks": [],
          "tests": [
            {
              "title": "My Fourth Test Case",
              "fullTitle": "Fourth Test Suite My Fourth Test Case",
              "timedOut": null,
              "duration": 5722,
              "state": "passed",
              "speed": "medium",
              "pass": true,
              "fail": false,
              "pending": false,
              "context": null,
              "code": "// cy.visit('https://rahulshettyacademy.com/AutomationPractice/')\ncy.visit(Cypress.env('url') + \"/AutomationPractice/\");\n//Get and click on Alert button \ncy.get('#alertbtn').click();\n//Click the confirm button \ncy.get('[value = \"Confirm\"]').click();\n//windows:alert event to handle alert box\ncy.on('window:alert', str => {\n  //Mocha assertion\n  expect(str).to.equal('Hello , share this practice page and share your knowledge');\n});\ncy.on('window:confirm', str => {\n  //Mocha assertion\n  expect(str).to.equal('Hello , Are you sure you want to confirm?');\n  //Validating confirm button click behaviour\n});\n//confirming cancel button click behaviour  using a variable\nlet cancelClicked = false;\ncy.on('window:confirm', text => {\n  cancelClicked = true;\n  return false; // Cancel\n});\ncy.then(() => {\n  expect(cancelClicked).to.eq(true);\n});",
              "err": {},
              "uuid": "f057ff33-2c09-4329-b880-1a7d74549254",
              "parentUUID": "f4e18b42-a5de-436c-9706-dee0da3b19ce",
              "isHook": false,
              "skipped": false
            }
          ],
          "suites": [],
          "passes": [
            "f057ff33-2c09-4329-b880-1a7d74549254"
          ],
          "failures": [],
          "pending": [],
          "skipped": [],
          "duration": 5722,
          "root": false,
          "rootEmpty": false,
          "_timeout": 2000
        }
      ],
      "passes": [],
      "failures": [],
      "pending": [],
      "skipped": [],
      "duration": 0,
      "root": true,
      "rootEmpty": true,
      "_timeout": 2000
    }
  ],
  "meta": {
    "mocha": {
      "version": "7.2.0"
    },
    "mochawesome": {
      "options": {
        "quiet": false,
        "reportFilename": "mochawesome",
        "saveHtml": false,
        "saveJson": true,
        "consoleReporter": "spec",
        "useInlineDiffs": false,
        "code": true
      },
      "version": "7.1.4"
    },
    "marge": {
      "options": {
        "overwrite": false,
        "html": false,
        "json": true,
        "reportDir": "cypress\\reports\\html\\.jsons"
      },
      "version": "6.3.2"
    }
  }
}