{
  "stats": {
    "suites": 1,
    "tests": 1,
    "passes": 1,
    "pending": 0,
    "failures": 0,
    "start": "2026-03-04T07:10:43.348Z",
    "end": "2026-03-04T07:10:57.013Z",
    "duration": 13665,
    "testsRegistered": 1,
    "passPercent": 100,
    "pendingPercent": 0,
    "other": 0,
    "hasOther": false,
    "skipped": 0,
    "hasSkipped": false
  },
  "results": [
    {
      "uuid": "757461ec-0098-41e2-8a11-c533782c7160",
      "title": "",
      "fullFile": "cypress\\integration\\examples\\Test3.js",
      "file": "cypress\\integration\\examples\\Test3.js",
      "beforeHooks": [],
      "afterHooks": [],
      "tests": [],
      "suites": [
        {
          "uuid": "04e01c76-d0f1-48f0-8cad-03adfc932133",
          "title": "Third Test Suite",
          "fullFile": "",
          "file": "",
          "beforeHooks": [],
          "afterHooks": [],
          "tests": [
            {
              "title": "My Third Test Case",
              "fullTitle": "Third Test Suite My Third Test Case",
              "timedOut": null,
              "duration": 10066,
              "state": "passed",
              "speed": "slow",
              "pass": true,
              "fail": false,
              "pending": false,
              "context": null,
              "code": "// cy.visit('https://rahulshettyacademy.com/AutomationPractice/')\ncy.visit(Cypress.env('url') + \"/AutomationPractice/\");\ncy.get('#checkBoxOption1').check().should('be.checked').and('have.value', 'option1');\ncy.get('#checkBoxOption1').uncheck().should('not.be.checked');\ncy.get('input[type=\"checkbox\"]').check(['option1', 'option3']);\n//selecting an option from a static dropdown they all start with <select> tag so we can target them easily using select tag\ncy.get('select').select('option2').should('have.value', 'option2');\n//Dyanamic dropdown\n/*\nDynamic Drop-down (Get the drop-down and type something ) then you have to check common attribute of the options\nthen we have to iterate it through the option and select and click our desired option \n\n*/\n// cy.get('#autocomplete').type('ind')\n// cy.get('.ui-menu-item div').each(($el,index,$list) => {\n//    if($el.text() === \"India\"){\n//       cy.wrap($el).click()\n//    }\n// })\ncy.get('#autocomplete').type('chi');\ncy.get('.ui-menu-item div').each(($e1, index, $list) => {\n  if ($e1.text() === \"China\") {\n    cy.wrap($e1).click();\n  }\n});\ncy.get('#autocomplete').should('have.value', 'China');\n//Dealing with visibility and invisibility of an element\n//Vsibility by default the element is visible\ncy.get('#displayed-text').should('be.visible');\n//Hiding the element and verifying its invisibility\ncy.get('#hide-textbox').click();\ncy.get('#displayed-text').should('not.be.visible');\n//Showing the element and verifying its visibility\ncy.get('#show-textbox').click();\ncy.get('#displayed-text').should('be.visible');\n//Dealing with Radio Buttons \ncy.get('input[value=\"radio1\"]').check().should('be.checked');",
              "err": {},
              "uuid": "d6267d6e-1ca8-4b65-ac19-4b9e41bf463e",
              "parentUUID": "04e01c76-d0f1-48f0-8cad-03adfc932133",
              "isHook": false,
              "skipped": false
            }
          ],
          "suites": [],
          "passes": [
            "d6267d6e-1ca8-4b65-ac19-4b9e41bf463e"
          ],
          "failures": [],
          "pending": [],
          "skipped": [],
          "duration": 10066,
          "root": false,
          "rootEmpty": false,
          "_timeout": 2000
        }
      ],
      "passes": [],
      "failures": [],
      "pending": [],
      "skipped": [],
      "duration": 0,
      "root": true,
      "rootEmpty": true,
      "_timeout": 2000
    }
  ],
  "meta": {
    "mocha": {
      "version": "7.2.0"
    },
    "mochawesome": {
      "options": {
        "quiet": false,
        "reportFilename": "mochawesome",
        "saveHtml": false,
        "saveJson": true,
        "consoleReporter": "spec",
        "useInlineDiffs": false,
        "code": true
      },
      "version": "7.1.4"
    },
    "marge": {
      "options": {
        "overwrite": false,
        "html": false,
        "json": true,
        "reportDir": "cypress\\reports\\html\\.jsons"
      },
      "version": "6.3.2"
    }
  }
}